
________________________________________

MCSim v5.3.0

Copyright (c) 1993-2008 Free Software Foundation, Inc.

MCSim comes with ABSOLUTELY NO WARRANTY;
This is free software, and you are welcome to redistribute it
under certain conditions; see the GNU General Public License.

* Using `SBML_List.in' model in file "model.c" created by mod v5.3.0

New level - depth 1, instance 1
Simulation 1 - depth 2, instance 1

Doing analysis - 1000000 MCMC sampling iterations 
Monitoring: iter	220	success rate	0.05	spread	0.531263
Monitoring: iter	250	success rate	0	spread	0.371884
Monitoring: iter	295	success rate	0.0222222	spread	0.260319
Monitoring: iter	362	success rate	0.268657	spread	0.260319
Monitoring: iter	462	success rate	0.29	spread	0.260319
Monitoring: iter	612	success rate	0.22	spread	0.260319
Monitoring: iter	837	success rate	0.275556	spread	0.260319
Monitoring: iter	1174	success rate	0.181009	spread	0.260319
Monitoring: iter	1679	success rate	0.190099	spread	0.260319
Monitoring: iter	2436	success rate	0.257596	spread	0.260319
Monitoring: iter	3571	success rate	0.352423	spread	0.390478
Monitoring: iter	5273	success rate	0.158049	spread	0.390478
Monitoring: iter	7826	success rate	0.137094	spread	0.273335
Monitoring: iter	11655	success rate	0.285192	spread	0.273335
Monitoring: iter	17398	success rate	0.229323	spread	0.273335
Monitoring: iter	26012	success rate	0.286046	spread	0.273335
Monitoring: iter	38933	success rate	0.247272	spread	0.273335
Monitoring: iter	58314	success rate	0.273103	spread	0.273335
Monitoring: iter	87385	success rate	0.226033	spread	0.273335
Monitoring: iter	130991	success rate	0.20738	spread	0.273335
Monitoring: iter	196400	success rate	0.204162	spread	0.273335
Monitoring: iter	294513	success rate	0.211338	spread	0.273335
Monitoring: iter	441682	success rate	0.206008	spread	0.273335
Monitoring: iter	662435	success rate	0.205714	spread	0.273335
Monitoring: iter	993564	success rate	0.210592	spread	0.273335

Wrote results to "Yeast.MCMC.B.out"
